Using pre-set license
Built from '2020.3/staging' branch; Version is '2020.3.3f1 (76626098c1c4) revision 7758432'; Using compiler version '192528614'; Build Type 'Release'
OS: 'Windows 10 Home; OS build 19041.985; Version 2004; 64bit' Language: 'en' Physical Memory: 16308 MB
BatchMode: 1, IsHumanControllingUs: 0, StartBugReporterOnCrash: 0, Is64bit: 1, IsPro: 0

 COMMAND LINE ARGUMENTS:
C:\Program Files\Unity\Hub\Editor\2020.3.3f1\Editor\Unity.exe
-adb2
-batchMode
-noUpm
-name
AssetImportWorker0
-projectPath
F:/JMC/Uni Tri 4/Rapid Prototyping/FP3D Runner
-logFile
Logs/AssetImportWorker0.log
-srvPort
5340
Successfully changed project path to: F:/JMC/Uni Tri 4/Rapid Prototyping/FP3D Runner
F:/JMC/Uni Tri 4/Rapid Prototyping/FP3D Runner
Using Asset Import Pipeline V2.
Refreshing native plugins compatible for Editor in 22.95 ms, found 0 plugins.
Preloading 0 native plugins for Editor in 0.00 ms.
Initialize engine version: 2020.3.3f1 (76626098c1c4)
[Subsystems] Discovering subsystems at path C:/Program Files/Unity/Hub/Editor/2020.3.3f1/Editor/Data/Resources/UnitySubsystems
[Subsystems] Discovering subsystems at path F:/JMC/Uni Tri 4/Rapid Prototyping/FP3D Runner/Assets
GfxDevice: creating device client; threaded=0
Direct3D:
    Version:  Direct3D 11.0 [level 11.1]
    Renderer: NVIDIA GeForce GTX 1070 (ID=0x1b81)
    Vendor:   
    VRAM:     8088 MB
    Driver:   27.21.14.6611
Initialize mono
Mono path[0] = 'C:/Program Files/Unity/Hub/Editor/2020.3.3f1/Editor/Data/Managed'
Mono path[1] = 'C:/Program Files/Unity/Hub/Editor/2020.3.3f1/Editor/Data/MonoBleedingEdge/lib/mono/unityjit'
Mono config path = 'C:/Program Files/Unity/Hub/Editor/2020.3.3f1/Editor/Data/MonoBleedingEdge/etc'
Using monoOptions --debugger-agent=transport=dt_socket,embedding=1,server=y,suspend=n,address=127.0.0.1:56940
Begin MonoManager ReloadAssembly
Registering precompiled unity dll's ...
Register platform support module: C:/Program Files/Unity/Hub/Editor/2020.3.3f1/Editor/Data/PlaybackEngines/WindowsStandaloneSupport/UnityEditor.WindowsStandalone.Extensions.dll
Registered in 0.001866 seconds.
Native extension for WindowsStandalone target not found
Refreshing native plugins compatible for Editor in 23.16 ms, found 0 plugins.
Preloading 0 native plugins for Editor in 0.00 ms.
Invoked RoslynAnalysisRunner static constructor.
RoslynAnalysisRunner will not be running.
RoslynAnalysisRunner has terminated.
Mono: successfully reloaded assembly
- Completed reload, in  0.945 seconds
Platform modules already initialized, skipping
Registering precompiled user dll's ...
Registered in 0.000576 seconds.
Begin MonoManager ReloadAssembly
Native extension for WindowsStandalone target not found
Refreshing native plugins compatible for Editor in 0.34 ms, found 0 plugins.
Preloading 0 native plugins for Editor in 0.00 ms.
Invoked RoslynAnalysisRunner static constructor.
RoslynAnalysisRunner will not be running.
RoslynAnalysisRunner has terminated.
Mono: successfully reloaded assembly
- Completed reload, in  0.727 seconds
Platform modules already initialized, skipping
========================================================================
Worker process is ready to serve import requests
Launched and connected shader compiler UnityShaderCompiler.exe after 0.04 seconds
Refreshing native plugins compatible for Editor in 0.27 ms, found 0 plugins.
Preloading 0 native plugins for Editor in 0.00 ms.
Unloading 1502 Unused Serialized files (Serialized files now loaded: 0)
System memory in use before: 75.5 MB.
System memory in use after: 75.6 MB.

Unloading 66 unused Assets to reduce memory usage. Loaded Objects now: 1944.
Total: 1.747200 ms (FindLiveObjects: 0.182300 ms CreateObjectMapping: 0.066000 ms MarkObjects: 1.378000 ms  DeleteObjects: 0.119900 ms)

========================================================================
Received Import Request.
  path: Assets/Scenes/StartScreen.unity
  artifactKey: Guid(161c8d25cddc2004abfbd5b9e78a3dfc) Importer(815301076,1909f56bfc062723c751e8b465ee728b)
Start importing Assets/Scenes/StartScreen.unity using Guid(161c8d25cddc2004abfbd5b9e78a3dfc) Importer(815301076,1909f56bfc062723c751e8b465ee728b)  -> (artifact id: 'da9d76f7ab11798c2e3189fcd81a142a') in 0.052749 seconds
  Import took 0.055083 seconds .

========================================================================
Received Prepare
Registering precompiled user dll's ...
Registered in 0.000586 seconds.
Begin MonoManager ReloadAssembly
Native extension for WindowsStandalone target not found
Refreshing native plugins compatible for Editor in 0.24 ms, found 0 plugins.
Preloading 0 native plugins for Editor in 0.00 ms.
Warning: Annotation not found!
UnityEngine.StackTraceUtility:ExtractStackTrace ()
UnityEditor.ProBuilder.EditorUtility:SetGizmoIconEnabled (System.Type,bool) (at Library/PackageCache/com.unity.probuilder@4.5.0/Editor/EditorCore/EditorUtility.cs:593)
UnityEditor.ProBuilder.HierarchyListener:.cctor () (at Library/PackageCache/com.unity.probuilder@4.5.0/Editor/EditorCore/HierarchyListener.cs:21)
System.Runtime.CompilerServices.RuntimeHelpers:RunClassConstructor (System.RuntimeTypeHandle)
UnityEditor.EditorAssemblies:ProcessInitializeOnLoadAttributes (System.Type[])

[Library/PackageCache/com.unity.probuilder@4.5.0/Editor/EditorCore/EditorUtility.cs line 593]

Invoked RoslynAnalysisRunner static constructor.
RoslynAnalysisRunner will not be running.
RoslynAnalysisRunner has terminated.
Mono: successfully reloaded assembly
- Completed reload, in  0.686 seconds
Platform modules already initialized, skipping
Refreshing native plugins compatible for Editor in 0.32 ms, found 0 plugins.
Preloading 0 native plugins for Editor in 0.00 ms.
Unloading 1454 Unused Serialized files (Serialized files now loaded: 0)
System memory in use before: 71.7 MB.
System memory in use after: 71.8 MB.

Unloading 4 unused Assets to reduce memory usage. Loaded Objects now: 1947.
Total: 1.786300 ms (FindLiveObjects: 0.161200 ms CreateObjectMapping: 0.051100 ms MarkObjects: 1.555100 ms  DeleteObjects: 0.018200 ms)

========================================================================
Received Prepare
Registering precompiled user dll's ...
Registered in 0.000680 seconds.
Begin MonoManager ReloadAssembly
Native extension for WindowsStandalone target not found
Refreshing native plugins compatible for Editor in 0.25 ms, found 0 plugins.
Preloading 0 native plugins for Editor in 0.00 ms.
Warning: Annotation not found!
UnityEngine.StackTraceUtility:ExtractStackTrace ()
UnityEditor.ProBuilder.EditorUtility:SetGizmoIconEnabled (System.Type,bool) (at Library/PackageCache/com.unity.probuilder@4.5.0/Editor/EditorCore/EditorUtility.cs:593)
UnityEditor.ProBuilder.HierarchyListener:.cctor () (at Library/PackageCache/com.unity.probuilder@4.5.0/Editor/EditorCore/HierarchyListener.cs:21)
System.Runtime.CompilerServices.RuntimeHelpers:RunClassConstructor (System.RuntimeTypeHandle)
UnityEditor.EditorAssemblies:ProcessInitializeOnLoadAttributes (System.Type[])

[Library/PackageCache/com.unity.probuilder@4.5.0/Editor/EditorCore/EditorUtility.cs line 593]

Invoked RoslynAnalysisRunner static constructor.
RoslynAnalysisRunner will not be running.
RoslynAnalysisRunner has terminated.
Mono: successfully reloaded assembly
- Completed reload, in  0.739 seconds
Platform modules already initialized, skipping
Refreshing native plugins compatible for Editor in 0.28 ms, found 0 plugins.
Preloading 0 native plugins for Editor in 0.00 ms.
Unloading 1454 Unused Serialized files (Serialized files now loaded: 0)
System memory in use before: 71.7 MB.
System memory in use after: 71.9 MB.

Unloading 4 unused Assets to reduce memory usage. Loaded Objects now: 1950.
Total: 1.699600 ms (FindLiveObjects: 0.144700 ms CreateObjectMapping: 0.060100 ms MarkObjects: 1.476900 ms  DeleteObjects: 0.017200 ms)

AssetImportWorkerClient::OnTransportError - code=2 error=End of file
